#
# There is insufficient memory for the Java Runtime Environment to continue.
# Native memory allocation (malloc) failed to allocate 131088 bytes for Chunk::new
# Possible reasons:
#   The system is out of physical RAM or swap space
#   In 32 bit mode, the process size limit was hit
# Possible solutions:
#   Reduce memory load on the system
#   Increase physical memory or swap space
#   Check if swap backing store is full
#   Use 64 bit Java on a 64 bit OS
#   Decrease Java heap size (-Xmx/-Xms)
#   Decrease number of Java threads
#   Decrease Java thread stack sizes (-Xss)
#   Set larger code cache with -XX:ReservedCodeCacheSize=
# This output file may be truncated or incomplete.
#
#  Out of Memory Error (allocation.cpp:390), pid=23128, tid=0x0000000000004e44
#
# JRE version: Java(TM) SE Runtime Environment (8.0_162-b12) (build 1.8.0_162-b12)
# Java VM: Java HotSpot(TM) 64-Bit Server VM (25.162-b12 mixed mode windows-amd64 compressed oops)
# Failed to write core dump. Minidumps are not enabled by default on client versions of Windows
#

---------------  T H R E A D  ---------------

Current thread (0x000000001e523800):  JavaThread "C2 CompilerThread0" daemon [_thread_in_native, id=20036, stack(0x000000001fb70000,0x000000001fc70000)]

Stack: [0x000000001fb70000,0x000000001fc70000]
[error occurred during error reporting (printing stack bounds), id 0xc0000005]

Native frames: (J=compiled Java code, j=interpreted, Vv=VM code, C=native code)


Current CompileTask:
C2:  25759 2958       4       sun.java2d.pipe.AlphaPaintPipe::renderPathTile (491 bytes)


---------------  P R O C E S S  ---------------

Java Threads: ( => current thread )
  0x000000001e77d000 JavaThread "Image Fetcher 0" daemon [_thread_blocked, id=20708, stack(0x00000000346b0000,0x00000000347b0000)]
  0x0000000020954000 JavaThread "Swing-Shell" daemon [_thread_blocked, id=7132, stack(0x0000000031e10000,0x0000000031f10000)]
  0x00000000205f5800 JavaThread "TimerQueue" daemon [_thread_blocked, id=22372, stack(0x000000002e270000,0x000000002e370000)]
  0x00000000205f2800 JavaThread "D3D Screen Updater" daemon [_thread_blocked, id=22788, stack(0x000000002e170000,0x000000002e270000)]
  0x0000000003093000 JavaThread "DestroyJavaVM" [_thread_blocked, id=25464, stack(0x0000000002f90000,0x0000000003090000)]
  0x0000000020611000 JavaThread "AWT-EventQueue-0" [_thread_blocked, id=20384, stack(0x000000002da30000,0x000000002db30000)]
  0x00000000203a8000 JavaThread "AWT-Windows" daemon [_thread_in_native, id=11648, stack(0x0000000020cb0000,0x0000000020db0000)]
  0x00000000203a6000 JavaThread "AWT-Shutdown" [_thread_blocked, id=21932, stack(0x0000000020bb0000,0x0000000020cb0000)]
  0x00000000203a5800 JavaThread "Java2D Disposer" daemon [_thread_blocked, id=25956, stack(0x0000000020ab0000,0x0000000020bb0000)]
  0x000000001e5cd800 JavaThread "Service Thread" daemon [_thread_blocked, id=24560, stack(0x000000001ff70000,0x0000000020070000)]
  0x000000001e533000 JavaThread "C1 CompilerThread3" daemon [_thread_blocked, id=25020, stack(0x000000001fe70000,0x000000001ff70000)]
  0x000000001e52e000 JavaThread "C2 CompilerThread2" daemon [_thread_blocked, id=10300, stack(0x000000001fd70000,0x000000001fe70000)]
  0x000000001e529000 JavaThread "C2 CompilerThread1" daemon [_thread_blocked, id=8960, stack(0x000000001fc70000,0x000000001fd70000)]
=>0x000000001e523800 JavaThread "C2 CompilerThread0" daemon [_thread_in_native, id=20036, stack(0x000000001fb70000,0x000000001fc70000)]
  0x000000001e521000 JavaThread "Attach Listener" daemon [_thread_blocked, id=4412, stack(0x000000001fa70000,0x000000001fb70000)]
  0x000000001e520000 JavaThread "Signal Dispatcher" daemon [_thread_blocked, id=16672, stack(0x000000001f970000,0x000000001fa70000)]
  0x000000001e513000 JavaThread "Finalizer" daemon [_thread_blocked, id=26164, stack(0x000000001f780000,0x000000001f880000)]
  0x000000001ce2d800 JavaThread "Reference Handler" daemon [_thread_blocked, id=24824, stack(0x000000001f680000,0x000000001f780000)]

Other Threads:
  0x000000001e4f2800 VMThread [stack: 0x000000001f580000,0x000000001f680000] [id=10368]
  0x000000001e55a000 WatcherThread [stack: 0x0000000020070000,0x0000000020170000] [id=16760]

VM state:not at safepoint (normal execution)

VM Mutex/Monitor currently owned by a thread: None

Heap:
 PSYoungGen      total 87552K, used 55479K [0x000000076af80000, 0x0000000773b00000, 0x00000007c0000000)
  eden space 86528K, 63% used [0x000000076af80000,0x000000076e4e5db8,0x0000000770400000)
  from space 1024K, 78% used [0x0000000773a00000,0x0000000773ac8000,0x0000000773b00000)
  to   space 10752K, 0% used [0x0000000772600000,0x0000000772600000,0x0000000773080000)
 ParOldGen       total 112128K, used 99879K [0x00000006c0e00000, 0x00000006c7b80000, 0x000000076af80000)
  object space 112128K, 89% used [0x00000006c0e00000,0x00000006c6f89cf0,0x00000006c7b80000)
 Metaspace       used 19573K, capacity 19804K, committed 20224K, reserved 1067008K
  class space    used 2380K, capacity 2481K, committed 2560K, reserved 1048576K

Card table byte_map: [0x0000000012550000,0x0000000012d50000] byte_map_base: 0x000000000ef49000

Marking Bits: (ParMarkBitMap*) 0x0000000077f80860
 Begin Bits: [0x0000000013cb0000, 0x0000000017c78000)
 End Bits:   [0x0000000017c78000, 0x000000001bc40000)

Polling page: 0x0000000001010000

CodeCache: size=245760Kb used=9153Kb max_used=9164Kb free=236606Kb
 bounds [0x0000000003190000, 0x0000000003ab0000, 0x0000000012190000]
 total_blobs=3336 nmethods=2738 adapters=507
 compilation: enabled

Compilation events (10 events):
Event: 25.742 Thread 0x000000001e533000 2961       3       sun.java2d.loops.ProcessPath$ActiveEdgeList::sort (171 bytes)
Event: 25.742 Thread 0x000000001e533000 nmethod 2961 0x000000000368a310 code [0x000000000368a4c0, 0x000000000368aab0]
Event: 25.742 Thread 0x000000001e533000 2960       3       sun.java2d.loops.ProcessPath$ActiveEdgeList::isEmpty (13 bytes)
Event: 25.742 Thread 0x000000001e533000 nmethod 2960 0x000000000346ef50 code [0x000000000346f0a0, 0x000000000346f250]
Event: 25.744 Thread 0x000000001e52e000 2962   !   4       sun.dc.pr.Rasterizer::getAlpha (76 bytes)
Event: 25.745 Thread 0x000000001e533000 2963       3       java.awt.geom.AffineTransform::getMatrix (49 bytes)
Event: 25.745 Thread 0x000000001e529000 2964       4       sun.java2d.d3d.D3DRenderQueue::flushBuffer (46 bytes)
Event: 25.745 Thread 0x000000001e533000 nmethod 2963 0x0000000003533490 code [0x0000000003533600, 0x0000000003533890]
Event: 25.746 Thread 0x000000001e52e000 nmethod 2962 0x0000000003455990 code [0x0000000003455b00, 0x0000000003455eb8]
Event: 25.748 Thread 0x000000001e529000 nmethod 2964 0x00000000037a8050 code [0x00000000037a81a0, 0x00000000037a83a8]

GC Heap History (10 events):
Event: 12.984 GC heap before
{Heap before GC invocations=2 (full 0):
 PSYoungGen      total 76288K, used 5187K [0x000000076af80000, 0x0000000770480000, 0x00000007c0000000)
  eden space 65536K, 0% used [0x000000076af80000,0x000000076af80000,0x000000076ef80000)
  from space 10752K, 48% used [0x000000076ef80000,0x000000076f490e88,0x000000076fa00000)
  to   space 10752K, 0% used [0x000000076fa00000,0x000000076fa00000,0x0000000770480000)
 ParOldGen       total 175104K, used 32K [0x00000006c0e00000, 0x00000006cb900000, 0x000000076af80000)
  object space 175104K, 0% used [0x00000006c0e00000,0x00000006c0e08000,0x00000006cb900000)
 Metaspace       used 18614K, capacity 18830K, committed 19072K, reserved 1067008K
  class space    used 2305K, capacity 2392K, committed 2432K, reserved 1048576K
Event: 12.987 GC heap after
Heap after GC invocations=2 (full 0):
 PSYoungGen      total 76288K, used 5225K [0x000000076af80000, 0x0000000774480000, 0x00000007c0000000)
  eden space 65536K, 0% used [0x000000076af80000,0x000000076af80000,0x000000076ef80000)
  from space 10752K, 48% used [0x000000076fa00000,0x000000076ff1a5f0,0x0000000770480000)
  to   space 10752K, 0% used [0x000000076ef80000,0x000000076ef80000,0x000000076fa00000)
 ParOldGen       total 175104K, used 40K [0x00000006c0e00000, 0x00000006cb900000, 0x000000076af80000)
  object space 175104K, 0% used [0x00000006c0e00000,0x00000006c0e0a000,0x00000006cb900000)
 Metaspace       used 18614K, capacity 18830K, committed 19072K, reserved 1067008K
  class space    used 2305K, capacity 2392K, committed 2432K, reserved 1048576K
}
Event: 12.987 GC heap before
{Heap before GC invocations=3 (full 1):
 PSYoungGen      total 76288K, used 5225K [0x000000076af80000, 0x0000000774480000, 0x00000007c0000000)
  eden space 65536K, 0% used [0x000000076af80000,0x000000076af80000,0x000000076ef80000)
  from space 10752K, 48% used [0x000000076fa00000,0x000000076ff1a5f0,0x0000000770480000)
  to   space 10752K, 0% used [0x000000076ef80000,0x000000076ef80000,0x000000076fa00000)
 ParOldGen       total 175104K, used 40K [0x00000006c0e00000, 0x00000006cb900000, 0x000000076af80000)
  object space 175104K, 0% used [0x00000006c0e00000,0x00000006c0e0a000,0x00000006cb900000)
 Metaspace       used 18614K, capacity 18830K, committed 19072K, reserved 1067008K
  class space    used 2305K, capacity 2392K, committed 2432K, reserved 1048576K
Event: 13.006 GC heap after
Heap after GC invocations=3 (full 1):
 PSYoungGen      total 76288K, used 0K [0x000000076af80000, 0x0000000774480000, 0x00000007c0000000)
  eden space 65536K, 0% used [0x000000076af80000,0x000000076af80000,0x000000076ef80000)
  from space 10752K, 0% used [0x000000076fa00000,0x000000076fa00000,0x0000000770480000)
  to   space 10752K, 0% used [0x000000076ef80000,0x000000076ef80000,0x000000076fa00000)
 ParOldGen       total 71168K, used 5010K [0x00000006c0e00000, 0x00000006c5380000, 0x000000076af80000)
  object space 71168K, 7% used [0x00000006c0e00000,0x00000006c12e4b48,0x00000006c5380000)
 Metaspace       used 18614K, capacity 18830K, committed 19072K, reserved 1067008K
  class space    used 2305K, capacity 2392K, committed 2432K, reserved 1048576K
}
Event: 13.006 GC heap before
{Heap before GC invocations=4 (full 1):
 PSYoungGen      total 76288K, used 0K [0x000000076af80000, 0x0000000774480000, 0x00000007c0000000)
  eden space 65536K, 0% used [0x000000076af80000,0x000000076af80000,0x000000076ef80000)
  from space 10752K, 0% used [0x000000076fa00000,0x000000076fa00000,0x0000000770480000)
  to   space 10752K, 0% used [0x000000076ef80000,0x000000076ef80000,0x000000076fa00000)
 ParOldGen       total 71168K, used 5010K [0x00000006c0e00000, 0x00000006c5380000, 0x000000076af80000)
  object space 71168K, 7% used [0x00000006c0e00000,0x00000006c12e4b48,0x00000006c5380000)
 Metaspace       used 18614K, capacity 18830K, committed 19072K, reserved 1067008K
  class space    used 2305K, capacity 2392K, committed 2432K, reserved 1048576K
Event: 13.007 GC heap after
Heap after GC invocations=4 (full 1):
 PSYoungGen      total 76288K, used 0K [0x000000076af80000, 0x0000000774480000, 0x00000007c0000000)
  eden space 65536K, 0% used [0x000000076af80000,0x000000076af80000,0x000000076ef80000)
  from space 10752K, 0% used [0x000000076ef80000,0x000000076ef80000,0x000000076fa00000)
  to   space 10752K, 0% used [0x0000000773a00000,0x0000000773a00000,0x0000000774480000)
 ParOldGen       total 71168K, used 5010K [0x00000006c0e00000, 0x00000006c5380000, 0x000000076af80000)
  object space 71168K, 7% used [0x00000006c0e00000,0x00000006c12e4b48,0x00000006c5380000)
 Metaspace       used 18614K, capacity 18830K, committed 19072K, reserved 1067008K
  class space    used 2305K, capacity 2392K, committed 2432K, reserved 1048576K
}
Event: 13.007 GC heap before
{Heap before GC invocations=5 (full 2):
 PSYoungGen      total 76288K, used 0K [0x000000076af80000, 0x0000000774480000, 0x00000007c0000000)
  eden space 65536K, 0% used [0x000000076af80000,0x000000076af80000,0x000000076ef80000)
  from space 10752K, 0% used [0x000000076ef80000,0x000000076ef80000,0x000000076fa00000)
  to   space 10752K, 0% used [0x0000000773a00000,0x0000000773a00000,0x0000000774480000)
 ParOldGen       total 71168K, used 5010K [0x00000006c0e00000, 0x00000006c5380000, 0x000000076af80000)
  object space 71168K, 7% used [0x00000006c0e00000,0x00000006c12e4b48,0x00000006c5380000)
 Metaspace       used 18614K, capacity 18830K, committed 19072K, reserved 1067008K
  class space    used 2305K, capacity 2392K, committed 2432K, reserved 1048576K
Event: 13.050 GC heap after
Heap after GC invocations=5 (full 2):
 PSYoungGen      total 76288K, used 0K [0x000000076af80000, 0x0000000774480000, 0x00000007c0000000)
  eden space 65536K, 0% used [0x000000076af80000,0x000000076af80000,0x000000076ef80000)
  from space 10752K, 0% used [0x000000076ef80000,0x000000076ef80000,0x000000076fa00000)
  to   space 10752K, 0% used [0x0000000773a00000,0x0000000773a00000,0x0000000774480000)
 ParOldGen       total 112128K, used 4798K [0x00000006c0e00000, 0x00000006c7b80000, 0x000000076af80000)
  object space 112128K, 4% used [0x00000006c0e00000,0x00000006c12afb60,0x00000006c7b80000)
 Metaspace       used 18602K, capacity 18812K, committed 19072K, reserved 1067008K
  class space    used 2301K, capacity 2385K, committed 2432K, reserved 1048576K
}
Event: 24.510 GC heap before
{Heap before GC invocations=6 (full 2):
 PSYoungGen      total 76288K, used 65536K [0x000000076af80000, 0x0000000774480000, 0x00000007c0000000)
  eden space 65536K, 100% used [0x000000076af80000,0x000000076ef80000,0x000000076ef80000)
  from space 10752K, 0% used [0x000000076ef80000,0x000000076ef80000,0x000000076fa00000)
  to   space 10752K, 0% used [0x0000000773a00000,0x0000000773a00000,0x0000000774480000)
 ParOldGen       total 112128K, used 99871K [0x00000006c0e00000, 0x00000006c7b80000, 0x000000076af80000)
  object space 112128K, 89% used [0x00000006c0e00000,0x00000006c6f87cf0,0x00000006c7b80000)
 Metaspace       used 19000K, capacity 19228K, committed 19584K, reserved 1067008K
  class space    used 2324K, capacity 2417K, committed 2432K, reserved 1048576K
Event: 24.512 GC heap after
Heap after GC invocations=6 (full 2):
 PSYoungGen      total 87552K, used 800K [0x000000076af80000, 0x0000000773b00000, 0x00000007c0000000)
  eden space 86528K, 0% used [0x000000076af80000,0x000000076af80000,0x0000000770400000)
  from space 1024K, 78% used [0x0000000773a00000,0x0000000773ac8000,0x0000000773b00000)
  to   space 10752K, 0% used [0x0000000772600000,0x0000000772600000,0x0000000773080000)
 ParOldGen       total 112128K, used 99879K [0x00000006c0e00000, 0x00000006c7b80000, 0x000000076af80000)
  object space 112128K, 89% used [0x00000006c0e00000,0x00000006c6f89cf0,0x00000006c7b80000)
 Metaspace       used 19000K, capacity 19228K, committed 19584K, reserved 1067008K
  class space    used 2324K, capacity 2417K, committed 2432K, reserved 1048576K
}

Deoptimization events (10 events):
Event: 24.925 Thread 0x000000001e77d000 Uncommon trap: reason=class_check action=maybe_recompile pc=0x00000000034228c8 method=java.io.DataInputStream.readByte()B @ 4
Event: 24.925 Thread 0x000000001e77d000 Uncommon trap: reason=class_check action=maybe_recompile pc=0x00000000034228c8 method=java.io.DataInputStream.readByte()B @ 4
Event: 24.925 Thread 0x000000001e77d000 Uncommon trap: reason=class_check action=maybe_recompile pc=0x00000000034228c8 method=java.io.DataInputStream.readByte()B @ 4
Event: 24.925 Thread 0x000000001e77d000 Uncommon trap: reason=class_check action=maybe_recompile pc=0x00000000034228c8 method=java.io.DataInputStream.readByte()B @ 4
Event: 24.937 Thread 0x0000000020611000 Uncommon trap: reason=unstable_if action=reinterpret pc=0x0000000003a60758 method=java.awt.Font.equals(Ljava/lang/Object;)Z @ 24
Event: 24.952 Thread 0x0000000020611000 Uncommon trap: reason=unstable_if action=reinterpret pc=0x00000000039dcc70 method=java.awt.geom.AffineTransform.equals(Ljava/lang/Object;)Z @ 23
Event: 25.061 Thread 0x0000000020611000 Uncommon trap: reason=class_check action=maybe_recompile pc=0x00000000033da848 method=sun.java2d.SurfaceData.getTransparency()I @ 4
Event: 25.204 Thread 0x0000000020611000 Uncommon trap: reason=class_check action=maybe_recompile pc=0x00000000033da848 method=sun.java2d.SurfaceData.getTransparency()I @ 4
Event: 25.204 Thread 0x0000000020611000 Uncommon trap: reason=class_check action=maybe_recompile pc=0x00000000033da848 method=sun.java2d.SurfaceData.getTransparency()I @ 4
Event: 25.254 Thread 0x0000000020611000 Uncommon trap: reason=unstable_if action=reinterpret pc=0x0000000003a1ab24 method=sun.java2d.loops.RenderCache$Entry.matches(Lsun/java2d/loops/SurfaceType;Lsun/java2d/loops/CompositeType;Lsun/java2d/loops/SurfaceType;)Z @ 21

Classes redefined (0 events):
No events

Internal exceptions (10 events):
Event: 0.330 Thread 0x0000000003093000 Exception <a 'java/lang/NoClassDefFoundError': com/sun/medialib/codec/jiio/Util> (0x000000076b681b30) thrown at [C:\re\workspace\8-2-build-windows-amd64-cygwin\jdk8u162\10278\hotspot\src\share\vm\classfile\systemDictionary.cpp, line 199]
Event: 2.151 Thread 0x0000000020a2e800 Exception <a 'java/io/FileNotFoundException'> (0x000000076c2c55a8) thrown at [C:\re\workspace\8-2-build-windows-amd64-cygwin\jdk8u162\10278\hotspot\src\share\vm\prims\jni.cpp, line 709]
Event: 2.157 Thread 0x0000000020a2e800 Exception <a 'java/io/FileNotFoundException'> (0x000000076c2d69f0) thrown at [C:\re\workspace\8-2-build-windows-amd64-cygwin\jdk8u162\10278\hotspot\src\share\vm\prims\jni.cpp, line 709]
Event: 4.396 Thread 0x0000000020611000 Exception <a 'java/lang/NullPointerException'> (0x000000076cd9bb08) thrown at [C:\re\workspace\8-2-build-windows-amd64-cygwin\jdk8u162\10278\hotspot\src\share\vm\interpreter\linkResolver.cpp, line 1185]
Event: 4.396 Thread 0x0000000020611000 Exception <a 'java/lang/NullPointerException'> (0x000000076cd9bb08) thrown at [C:\re\workspace\8-2-build-windows-amd64-cygwin\jdk8u162\10278\hotspot\src\share\vm\prims\jvm.cpp, line 1394]
Event: 4.396 Thread 0x0000000020611000 Exception <a 'java/lang/NullPointerException'> (0x000000076cd9bb08) thrown at [C:\re\workspace\8-2-build-windows-amd64-cygwin\jdk8u162\10278\hotspot\src\share\vm\prims\jvm.cpp, line 1394]
Event: 8.824 Thread 0x0000000020611000 Implicit null exception at 0x000000000385eb79 to 0x0000000003862411
Event: 13.051 Thread 0x0000000020611000 Exception <a 'java/lang/OutOfMemoryError'> (0x00000006c0e3bb58) thrown at [C:\re\workspace\8-2-build-windows-amd64-cygwin\jdk8u162\10278\hotspot\src\share\vm\gc_interface/collectedHeap.inline.hpp, line 159]
Event: 13.053 Thread 0x0000000020611000 Exception <a 'java/lang/OutOfMemoryError'> (0x00000006c0e3bb58) thrown at [C:\re\workspace\8-2-build-windows-amd64-cygwin\jdk8u162\10278\hotspot\src\share\vm\prims\jvm.cpp, line 1394]
Event: 13.053 Thread 0x0000000020611000 Exception <a 'java/lang/OutOfMemoryError'> (0x00000006c0e3bb58) thrown at [C:\re\workspace\8-2-build-windows-amd64-cygwin\jdk8u162\10278\hotspot\src\share\vm\prims\jvm.cpp, line 1394]

Events (10 events):
Event: 25.061 Thread 0x0000000020611000 DEOPT UNPACKING pc=0x00000000031d583b sp=0x000000002db2b598 mode 2
Event: 25.204 Thread 0x0000000020611000 Uncommon trap: trap_request=0xffffffde fr.pc=0x00000000033da848
Event: 25.204 Thread 0x0000000020611000 DEOPT PACKING pc=0x00000000033da848 sp=0x000000002db2aeb0
Event: 25.204 Thread 0x0000000020611000 DEOPT UNPACKING pc=0x00000000031d583b sp=0x000000002db2ad58 mode 2
Event: 25.204 Thread 0x0000000020611000 Uncommon trap: trap_request=0xffffffde fr.pc=0x00000000033da848
Event: 25.204 Thread 0x0000000020611000 DEOPT PACKING pc=0x00000000033da848 sp=0x000000002db2aeb0
Event: 25.204 Thread 0x0000000020611000 DEOPT UNPACKING pc=0x00000000031d583b sp=0x000000002db2ad58 mode 2
Event: 25.254 Thread 0x0000000020611000 Uncommon trap: trap_request=0xffffff65 fr.pc=0x0000000003a1ab24
Event: 25.254 Thread 0x0000000020611000 DEOPT PACKING pc=0x0000000003a1ab24 sp=0x000000002db2b3f0
Event: 25.254 Thread 0x0000000020611000 DEOPT UNPACKING pc=0x00000000031d583b sp=0x000000002db2b328 mode 2


Dynamic libraries:
0x00007ff61d040000 - 0x00007ff61d077000 	C:\Program Files (x86)\Java\jre1.8.0_162\bin\javaw.exe
0x00007ffaf6980000 - 0x00007ffaf6b61000 	C:\WINDOWS\SYSTEM32\ntdll.dll
0x00007ffaf6000000 - 0x00007ffaf60b2000 	C:\WINDOWS\System32\KERNEL32.DLL
0x00007ffaf37a0000 - 0x00007ffaf3a13000 	C:\WINDOWS\System32\KERNELBASE.dll
0x00007ffaf4140000 - 0x00007ffaf41e1000 	C:\WINDOWS\System32\ADVAPI32.dll
0x00007ffaf5a50000 - 0x00007ffaf5aee000 	C:\WINDOWS\System32\msvcrt.dll
0x00007ffaf5e10000 - 0x00007ffaf5e6b000 	C:\WINDOWS\System32\sechost.dll
0x00007ffaf6180000 - 0x00007ffaf62a4000 	C:\WINDOWS\System32\RPCRT4.dll
0x00007ffaf5e70000 - 0x00007ffaf6000000 	C:\WINDOWS\System32\USER32.dll
0x00007ffaf3510000 - 0x00007ffaf3530000 	C:\WINDOWS\System32\win32u.dll
0x00007ffaf5b90000 - 0x00007ffaf5bb8000 	C:\WINDOWS\System32\GDI32.dll
0x00007ffaf3c70000 - 0x00007ffaf3e02000 	C:\WINDOWS\System32\gdi32full.dll
0x00007ffaf3b20000 - 0x00007ffaf3bbf000 	C:\WINDOWS\System32\msvcp_win.dll
0x00007ffaf3a20000 - 0x00007ffaf3b1a000 	C:\WINDOWS\System32\ucrtbase.dll
0x00007ffae5e50000 - 0x00007ffae60b9000 	C:\WINDOWS\WinSxS\amd64_microsoft.windows.common-controls_6595b64144ccf1df_6.0.17134.345_none_fb429a5930656358\COMCTL32.dll
0x00007ffaf3e10000 - 0x00007ffaf4133000 	C:\WINDOWS\System32\combase.dll
0x00007ffaf3530000 - 0x00007ffaf35aa000 	C:\WINDOWS\System32\bcryptPrimitives.dll
0x00007ffaf4580000 - 0x00007ffaf45ad000 	C:\WINDOWS\System32\IMM32.DLL
0x00000000504e0000 - 0x00000000505b1000 	C:\Program Files (x86)\Java\jre1.8.0_162\bin\msvcr100.dll
0x0000000077760000 - 0x0000000078000000 	C:\Program Files (x86)\Java\jre1.8.0_162\bin\server\jvm.dll
0x00007ffaf60c0000 - 0x00007ffaf60c8000 	C:\WINDOWS\System32\PSAPI.DLL
0x00007ffaf0b30000 - 0x00007ffaf0b39000 	C:\WINDOWS\SYSTEM32\WSOCK32.dll
0x00007ffaedb60000 - 0x00007ffaedb6a000 	C:\WINDOWS\SYSTEM32\VERSION.dll
0x00007ffaf0100000 - 0x00007ffaf0123000 	C:\WINDOWS\SYSTEM32\WINMM.dll
0x00007ffaf5bc0000 - 0x00007ffaf5c2c000 	C:\WINDOWS\System32\WS2_32.dll
0x00007ffaefdc0000 - 0x00007ffaefdea000 	C:\WINDOWS\SYSTEM32\winmmbase.dll
0x00007ffaf3bc0000 - 0x00007ffaf3c09000 	C:\WINDOWS\System32\cfgmgr32.dll
0x0000000050690000 - 0x000000005069f000 	C:\Program Files (x86)\Java\jre1.8.0_162\bin\verify.dll
0x0000000050660000 - 0x0000000050689000 	C:\Program Files (x86)\Java\jre1.8.0_162\bin\java.dll
0x0000000050640000 - 0x0000000050656000 	C:\Program Files (x86)\Java\jre1.8.0_162\bin\zip.dll
0x00007ffaf4610000 - 0x00007ffaf5a4f000 	C:\WINDOWS\System32\SHELL32.dll
0x00007ffaf60d0000 - 0x00007ffaf6179000 	C:\WINDOWS\System32\shcore.dll
0x00007ffaf2e00000 - 0x00007ffaf350d000 	C:\WINDOWS\System32\windows.storage.dll
0x00007ffaf45b0000 - 0x00007ffaf4601000 	C:\WINDOWS\System32\shlwapi.dll
0x00007ffaf2c90000 - 0x00007ffaf2ca1000 	C:\WINDOWS\System32\kernel.appcore.dll
0x00007ffaf2cc0000 - 0x00007ffaf2cdf000 	C:\WINDOWS\System32\profapi.dll
0x00007ffaf2d00000 - 0x00007ffaf2d4c000 	C:\WINDOWS\System32\powrprof.dll
0x00007ffaf2cb0000 - 0x00007ffaf2cba000 	C:\WINDOWS\System32\FLTLIB.DLL
0x0000000050340000 - 0x00000000504d8000 	C:\Program Files (x86)\Java\jre1.8.0_162\bin\awt.dll
0x00007ffaf4350000 - 0x00007ffaf4412000 	C:\WINDOWS\System32\OLEAUT32.dll
0x00007ffaf0c10000 - 0x00007ffaf0c9b000 	C:\WINDOWS\SYSTEM32\apphelp.dll
0x00007ffaf0d40000 - 0x00007ffaf0dd8000 	C:\WINDOWS\system32\uxtheme.dll
0x00007ffaf5c30000 - 0x00007ffaf5da4000 	C:\WINDOWS\System32\MSCTF.dll
0x00007ffaf1120000 - 0x00007ffaf1149000 	C:\WINDOWS\system32\dwmapi.dll
0x00007ffaf41f0000 - 0x00007ffaf4341000 	C:\WINDOWS\System32\ole32.dll
0x00000000502f0000 - 0x0000000050337000 	C:\Program Files (x86)\Java\jre1.8.0_162\bin\fontmanager.dll
0x00007ffac5ea0000 - 0x00007ffac5fc0000 	C:\WINDOWS\system32\opengl32.dll
0x00007ffae4900000 - 0x00007ffae492c000 	C:\WINDOWS\SYSTEM32\GLU32.dll
0x00007ffae8820000 - 0x00007ffae89b7000 	C:\WINDOWS\system32\d3d9.dll
0x00007ffae81c0000 - 0x00007ffae82ac000 	C:\WINDOWS\System32\DriverStore\FileRepository\nv_dispi.inf_amd64_52ac7eb8f32780d5\nvldumdx.dll
0x00007ffaf35b0000 - 0x00007ffaf3792000 	C:\WINDOWS\System32\crypt32.dll
0x00007ffaf2ce0000 - 0x00007ffaf2cf2000 	C:\WINDOWS\System32\MSASN1.dll
0x00007ffaf3c10000 - 0x00007ffaf3c67000 	C:\WINDOWS\System32\WINTRUST.DLL
0x00007ffaf5af0000 - 0x00007ffaf5b0d000 	C:\WINDOWS\System32\imagehlp.dll
0x00007ffaf26d0000 - 0x00007ffaf26e7000 	C:\WINDOWS\SYSTEM32\CRYPTSP.dll
0x00007ffaf20f0000 - 0x00007ffaf2123000 	C:\WINDOWS\system32\rsaenh.dll
0x00007ffaf27f0000 - 0x00007ffaf2815000 	C:\WINDOWS\SYSTEM32\bcrypt.dll
0x00007ffaf26c0000 - 0x00007ffaf26cb000 	C:\WINDOWS\SYSTEM32\CRYPTBASE.dll
0x00007ffa98af0000 - 0x00007ffa99d29000 	C:\WINDOWS\System32\DriverStore\FileRepository\nv_dispi.inf_amd64_52ac7eb8f32780d5\nvd3dumx.dll
0x00007ffae6240000 - 0x00007ffae6303000 	C:\Program Files (x86)\NVIDIA Corporation\3D Vision\nvSCPAPI64.dll
0x00007ffaf6350000 - 0x00007ffaf679b000 	C:\WINDOWS\System32\SETUPAPI.dll
0x00007ffabe230000 - 0x00007ffabe474000 	C:\WINDOWS\system32\nvspcap64.dll
0x00007ffaf1d80000 - 0x00007ffaf1db1000 	C:\WINDOWS\SYSTEM32\ntmarta.dll
0x00007ffaf19d0000 - 0x00007ffaf19f2000 	C:\WINDOWS\SYSTEM32\gpapi.dll
0x00007ffaed0e0000 - 0x00007ffaed10e000 	C:\WINDOWS\SYSTEM32\cryptnet.dll
0x0000000050620000 - 0x000000005063a000 	C:\Program Files (x86)\Java\jre1.8.0_162\bin\net.dll
0x00007ffaf2510000 - 0x00007ffaf2576000 	C:\WINDOWS\system32\mswsock.dll
0x0000000050600000 - 0x0000000050611000 	C:\Program Files (x86)\Java\jre1.8.0_162\bin\nio.dll
0x00000000502a0000 - 0x00000000502e2000 	C:\Program Files (x86)\Java\jre1.8.0_162\bin\t2k.dll
0x00007ffaf2b90000 - 0x00007ffaf2bb8000 	C:\WINDOWS\SYSTEM32\USERENV.dll
0x00007ffaf2290000 - 0x00007ffaf22c8000 	C:\WINDOWS\SYSTEM32\IPHLPAPI.DLL
0x00007ffaf4420000 - 0x00007ffaf4428000 	C:\WINDOWS\System32\NSI.dll
0x00007ffaed3d0000 - 0x00007ffaed3e6000 	C:\WINDOWS\SYSTEM32\dhcpcsvc6.DLL
0x00007ffaed390000 - 0x00007ffaed3aa000 	C:\WINDOWS\SYSTEM32\dhcpcsvc.DLL
0x00007ffa97080000 - 0x00007ffa970ea000 	C:\Program Files (x86)\Overwolf\0.119.2.19\OWExplorer.dll
0x00007ffade800000 - 0x00007ffade9c9000 	C:\WINDOWS\SYSTEM32\dbghelp.dll
0x00007ffade670000 - 0x00007ffade699000 	C:\WINDOWS\SYSTEM32\dbgcore.DLL
0x00007ffaf62b0000 - 0x00007ffaf6350000 	C:\WINDOWS\System32\clbcatq.dll
0x00007ffaea270000 - 0x00007ffaea41e000 	C:\WINDOWS\SYSTEM32\WindowsCodecs.dll
0x00007ffae37d0000 - 0x00007ffae3828000 	C:\WINDOWS\system32\dataexchange.dll
0x00007ffaef380000 - 0x00007ffaef68b000 	C:\WINDOWS\system32\d3d11.dll
0x00007ffaefe10000 - 0x00007ffaeffac000 	C:\WINDOWS\system32\dcomp.dll
0x00007ffaf1a00000 - 0x00007ffaf1abb000 	C:\WINDOWS\system32\dxgi.dll
0x00007ffaf12e0000 - 0x00007ffaf1498000 	C:\WINDOWS\system32\twinapi.appcore.dll
0x00007ffaf1180000 - 0x00007ffaf11a1000 	C:\WINDOWS\system32\RMCLIENT.dll
0x00007ffae6ef0000 - 0x00007ffae6f87000 	C:\WINDOWS\System32\TextInputFramework.dll
0x00007ffaf0590000 - 0x00007ffaf066a000 	C:\WINDOWS\System32\CoreMessaging.dll
0x00007ffae9ee0000 - 0x00007ffaea1fe000 	C:\WINDOWS\System32\CoreUIComponents.dll
0x00007ffaeffb0000 - 0x00007ffaf00fd000 	C:\WINDOWS\SYSTEM32\wintypes.dll
0x0000000050270000 - 0x000000005029a000 	C:\Program Files (x86)\Java\jre1.8.0_162\bin\dcpr.dll
0x00007ffaeaf80000 - 0x00007ffaeb027000 	C:\WINDOWS\WinSxS\amd64_microsoft.windows.common-controls_6595b64144ccf1df_5.82.17134.345_none_f95245bf3095c4c9\comctl32.dll
0x00007ffaf1660000 - 0x00007ffaf1814000 	C:\WINDOWS\SYSTEM32\PROPSYS.dll
0x00007ffae89c0000 - 0x00007ffae905b000 	C:\Windows\System32\OneCoreUAPCommonProxyStub.dll
0x00007ffac6870000 - 0x00007ffac6997000 	C:\WINDOWS\system32\NetworkExplorer.dll
0x00007ffaee7e0000 - 0x00007ffaee7fa000 	C:\WINDOWS\SYSTEM32\MPR.dll
0x00007ffaf0a90000 - 0x00007ffaf0a9b000 	C:\WINDOWS\System32\drprov.dll
0x00007ffaf1e20000 - 0x00007ffaf1e76000 	C:\WINDOWS\System32\WINSTA.dll
0x00007ffaf0a70000 - 0x00007ffaf0a86000 	C:\WINDOWS\System32\ntlanman.dll
0x00007ffaf0a50000 - 0x00007ffaf0a6d000 	C:\WINDOWS\System32\davclnt.dll
0x00007ffaf0a40000 - 0x00007ffaf0a4c000 	C:\WINDOWS\System32\DAVHLPR.dll
0x00007ffaee580000 - 0x00007ffaee597000 	C:\WINDOWS\System32\wkscli.dll
0x00007ffad3a70000 - 0x00007ffad3a82000 	C:\WINDOWS\SYSTEM32\cscapi.dll
0x00007ffaf22d0000 - 0x00007ffaf22de000 	C:\WINDOWS\System32\netutils.dll
0x00007ffaca680000 - 0x00007ffaca6ca000 	C:\Windows\System32\dlnashext.dll
0x00007ffac2a60000 - 0x00007ffac2ac3000 	C:\Windows\System32\PlayToDevice.dll
0x00007ffaf04f0000 - 0x00007ffaf050e000 	C:\Windows\System32\DevDispItemProvider.dll
0x00007ffaece50000 - 0x00007ffaecec6000 	C:\WINDOWS\System32\MMDevApi.dll
0x00007ffaf2ac0000 - 0x00007ffaf2ae7000 	C:\WINDOWS\System32\DEVOBJ.dll
0x00007ffac6210000 - 0x00007ffac63f1000 	C:\WINDOWS\system32\wpdshext.dll
0x00007ffae9170000 - 0x00007ffae930a000 	C:\WINDOWS\WinSxS\amd64_microsoft.windows.gdiplus_6595b64144ccf1df_1.1.17134.345_none_2c2d8d3e8af7dd26\gdiplus.dll
0x00007ffaf1050000 - 0x00007ffaf10ec000 	C:\Windows\System32\PortableDeviceApi.dll
0x00007ffad92a0000 - 0x00007ffad92d7000 	C:\Windows\System32\EhStorShell.dll
0x00007ffae7e50000 - 0x00007ffae7e75000 	C:\Windows\System32\EhStorAPI.dll
0x00007ffaee5f0000 - 0x00007ffaee603000 	C:\Windows\System32\WTSAPI32.dll
0x00007ffae9c70000 - 0x00007ffae9c7d000 	C:\WINDOWS\SYSTEM32\LINKINFO.dll
0x00000000501d0000 - 0x0000000050201000 	C:\Program Files (x86)\Java\jre1.8.0_162\bin\jpeg.dll

VM Arguments:
jvm_args: -Dfile.encoding=Cp1252 
java_command: ImageInterface
java_class_path (initial): C:\Program Files (x86)\Java\jre1.8.0_162\lib\resources.jar;C:\Program Files (x86)\Java\jre1.8.0_162\lib\rt.jar;C:\Program Files (x86)\Java\jre1.8.0_162\lib\jsse.jar;C:\Program Files (x86)\Java\jre1.8.0_162\lib\jce.jar;C:\Program Files (x86)\Java\jre1.8.0_162\lib\charsets.jar;C:\Program Files (x86)\Java\jre1.8.0_162\lib\jfr.jar;C:\Program Files (x86)\Java\jre1.8.0_162\lib\ext\access-bridge-64.jar;C:\Program Files (x86)\Java\jre1.8.0_162\lib\ext\cldrdata.jar;C:\Program Files (x86)\Java\jre1.8.0_162\lib\ext\dnsns.jar;C:\Program Files (x86)\Java\jre1.8.0_162\lib\ext\jaccess.jar;C:\Program Files (x86)\Java\jre1.8.0_162\lib\ext\jfxrt.jar;C:\Program Files (x86)\Java\jre1.8.0_162\lib\ext\localedata.jar;C:\Program Files (x86)\Java\jre1.8.0_162\lib\ext\nashorn.jar;C:\Program Files (x86)\Java\jre1.8.0_162\lib\ext\sunec.jar;C:\Program Files (x86)\Java\jre1.8.0_162\lib\ext\sunjce_provider.jar;C:\Program Files (x86)\Java\jre1.8.0_162\lib\ext\sunmscapi.jar;C:\Program Files (x86)\Java\jre1.8.0_162\lib\ext\sunpkcs11.jar;C:\Program Files (x86)\Java\jre1.8.0_162\lib\ext\zipfs.jar;G:\Research\RAMVERSION\MicropalletArrayAnalysis\MicropalletImageProcessing\bin;G:\Research\MIA\MicropalletImageAnalysis\MicropalletImageProcessing\jai_imageio-1.1.jar
Launcher Type: SUN_STANDARD

Environment Variables:
USERNAME=Warden
OS=Windows_NT
PROCESSOR_IDENTIFIER=Intel64 Family 6 Model 158 Stepping 10, GenuineIntel



---------------  S Y S T E M  ---------------

OS: Windows 10.0 , 64 bit Build 17134 (10.0.17134.1)

CPU:total 12 (initial active 12) (6 cores per cpu, 2 threads per core) family 6 model 158 stepping 10, cmov, cx8, fxsr, mmx, sse, sse2, sse3, ssse3, sse4.1, sse4.2, popcnt, avx, avx2, aes, clmul, erms, rtm, 3dnowpref, lzcnt, ht, tsc, tscinvbit, bmi1, bmi2, adx

Memory: 4k page, physical 16719700k(1808984k free), swap 41351900k(2180k free)

vm_info: Java HotSpot(TM) 64-Bit Server VM (25.162-b12) for windows-amd64 JRE (1.8.0_162-b12), built on Dec 19 2017 20:00:03 by "java_re" with MS VC++ 10.0 (VS2010)

time: Sun Nov 11 18:47:08 2018
elapsed time: 25 seconds (0d 0h 0m 25s)

